This file contains any messages produced by compilers while
running configure, to aid debugging if configure makes a mistake.

It was created by configure, which was
generated by GNU Autoconf 2.53.  Invocation command line was

  $ ./configure 

## --------- ##
## Platform. ##
## --------- ##

hostname = NEOIII
uname -m = i386
uname -r = 1
uname -s = OS/2
uname -v = 2.45

/usr/bin/uname -p = unknown
/bin/uname -X     = unknown

/bin/arch              = unknown
/usr/bin/arch -k       = unknown
/usr/convex/getsysinfo = unknown
hostinfo               = unknown
/bin/machine           = unknown
/usr/bin/oslevel       = unknown
/bin/universe          = unknown

PATH: U
PATH: \foo;U
PATH: \usr\bin;U
PATH: \usr\local\bin;U
PATH: \GLIBIDL335\GLIB\gcc\bin;U
PATH: \GLIBIDL335\LIBIDL\gcc\bin;u
PATH: \PERL\bin;u
PATH: \bin;U
PATH: \MOZTOOLS;U
PATH: \EMX\bin;u
PATH: \extras\bin;u
PATH: \dev\qt\trunk\bin;u
PATH: \python25;u
PATH: \dev\ow\BINP;u
PATH: \dev\ow\BINW;C
PATH: \MPTN\BIN;C
PATH: \TCPIP\BIN;C
PATH: \IBMCOM;C
PATH: \IBMLAN\NETPROG;C
PATH: \MUGLIB;C
PATH: \ECS\BIN;C
PATH: \EMX\BIN;C
PATH: \IBMGSK50\BIN;C
PATH: \IBMGSK40\BIN;C
PATH: \IBMGSK\BIN;C
PATH: \OS2;C
PATH: \OS2\SYSTEM;C
PATH: \OS2\INSTALL;C
PATH: \;C
PATH: \OS2\MDOS;C
PATH: \OS2\APPS;C
PATH: \ECS\KLIBC\BIN;C
PATH: \PROGRAMS\JAVA142\BIN;C
PATH: \MMOS2\FREEDB;C
PATH: \MMOS2;C
PATH: \MMOS2\MMPLAYER;C
PATH: \PROGRAMS\4OS2;C
PATH: \PROGRAMS\VyperHelp;C
PATH: \PROGRAMS\ibmworks;E
PATH: \VTEX\BIN;e
PATH: \mmedia\cworks2;D
PATH: \ODIN\SYSTEM32;C
PATH: \TOOLS\CDRTools;


## ----------- ##
## Core tests. ##
## ----------- ##

configure:1266: loading site script u:/moztools/config.site-gcc335b4
| #!sh
| #ac_cv_host=i386-pc-gnu
| #ac_cv_host=i386-pc-os2
| #HOST=i386-pc-os2
| SHELL=sh
| PATH=`cmd.exe /c "echo %PATH%" | sed -e 's@\\\\@/@g'`
| PATH_SEPARATOR=';'
| 
| for f in INSTALL PERL M4 EXPR ; do
|  export $f="`type $f.exe|sed -e 's@\\\\@/@g' -e 's@.* @@'`"
| done
| 
| ac_cv_path_PERL='u:/Perl/bin/perl.exe'
| ac_cv_path__PATH_PERL='u:/Perl/bin/perl.exe'
| ac_cv_path__PATH_SH='/moztools/ash.exe'
| ac_cv_path__PATH_SED='/moztools/sed.exe'
| ac_cv_path_PROG_SENDMAIL='e:/tcpip/bin/sendmail.exe'
| ac_cv_path__PATH_SORT='/moztools/sort.exe'
| ac_cv_path_AR='/usr/bin/ar.exe'
| ac_cv_path_FALSE='/bin/false.exe'
| ac_cv_path_GZIP='e:/ecs/bin/gzip.exe'
| ac_cv_path_ZIP='e:/ecs/bin/zip.exe'
| ac_cv_path_MAKE='/moztools/make.exe'
| ac_cv_path_TRUE='/bin/true.exe'
| ac_cv_path_RM='/bin/rm.exe'
| ac_cv_path_MV='/bin/mv.exe'
| ac_cv_member_struct_sockaddr_in_sin_len='yes'
| ac_cv_path_MKDIR='/bin/mkdir.exe'
| ac_cv_path_MSGFMT='/usr/bin/msgfmt.exe'
| ac_cv_path__PATH_AWK='/moztools/awk.exe'
| ac_cv_path__PATH_EGREP='e:/emx/bin/egrep.exe'
| ac_cv_path_install=${INSTALL}
| ac_cv_path_STRIP='echo '
| ac_cv_path_uic='/dev/qt/trunk/bin/uic.exe'
| ac_cv_path_XARGS='/moztools/xargs.exe'
| ac_cv_path_JAVAC='e:/programs/java142/bin/javac.exe'
| ac_cv_path_JAR='e:/programs/java142/bin/jar.exe'
| #ac_cv_prog_LN_S='cp -p'
| ac_cv_emxos2='yes'
| ac_cv_libext='lib'
| #cl_cv_prog_LN_S='cp -p'
| #cl_cv_prog_LN='cp -p'
| ac_executable_extensions=".exe"
| ac_cpp=g++.exe
| #LN_S='cp -p'
| MAKE=make
| #ACLOCAL=${ACLOCAL-"${UNIXROOT}/usr/bin/aclocal"}
| #AUTOCONF=${AUTOCONF-"${UNIXROOT}/usr/bin/autoconf"}
| #AUTOMAKE=${AUTOMAKE-"${UNIXROOT}/usr/bin/automake"}
| #AUTOHEADER=${AUTOHEADER-"${UNIXROOT}/usr/bin/autoheader"}
| #ACLOCAL='echo aclocal'
| #AUTOCONF='echo autoconf'
| #AUTOMAKE='echo automake'
| #AUTOHEADER='echo autoheader'
| MAKEINFO=${MAKEINFO-"makeinfo --no-split"}
| AMTAR=${AMTAR-"tar.exe"}
| CC=gcc
| CXX=g++
| AWK=gawk
| LEX=flex
| LIBEXT="LIB"
| #INSTALL=install-sh
| INSTALL=/bin/install.exe
| OBJEXT=o
| RM=rm.exe
| PERL=perl.exe
| AR=ar.exe
| LD=ld.exe
| RANLIB=echo
| #LIBTOOL=aplibtool.exe
| YACC='bison -y'
| BMTYPE=int
| BMBYTES=4
| PRINTABLE_OS_NAME=OS/2
| #CFLAGS='-D__EMX__ -DOS2  -D__ST_MT_ERRNO__ -g'
| #CXXFLAGS='-D__EMX__ -DOS2 -D__ST_MT_ERRNO__ -g'
| #LDFLAGS='-Zexe -Zomf -Zmap -Zargs-wild -D__ST_MT_ERRNO__'
| #CFLAGS='-D__EMX__ -DOS2  -D__ST_MT_ERRNO__ -O3 -mcpu=pentium3'
| #CXXFLAGS='-D__EMX__ -DOS2 -D__ST_MT_ERRNO__ -O3 -mcpu=pentium3'
| #LDFLAGS='-Zexe -Zomf -Zmap -Zargs-wild -Zbin-files -D__ST_MT_ERRNO__ -s'
| CFLAGS='-D__EMX__ -Dunix  -D__ST_MT_ERRNO__ -O3 -march=pentium3'
| CXXFLAGS='-D__EMX__ -Dunix  -D__ST_MT_ERRNO__ -O3 -march=pentium3'
| LDFLAGS='-Zexe -Zomf -Zmap -Zargs-wild -Zbin-files -D__ST_MT_ERRNO__ -s'
| ac_exeext=.exe
| ac_cv_exeext=.exe
| ac_cv_path___CHGRP=echo
| ac_cv_path___CHOWN=echo
| ac_cv_path___RSH=echo
| function test
| { 
|   if [  "$1" = "-x" ] ; then  
|     shift
|     if [ -f "$1" ] ; then return ; fi
|     if type $1.cmd 1>nul 2>&1  ; then  return ; fi
|     if type $1.exe 1>nul 2>&1  ; then  return ; fi
|     x=`type $* 1>nul 2>&1|  sed -e 's@^.* @@' -e 's@\\\\@/@g' -e 's@\\.$@@'`
|     if [ -n "$x" ] ; then
|       grep '^\(#!\|[ \t]*extproc\)' "$x">nul 2>&1 
|     else
|       return 1
|     fi
|   else
|     builtin test "$@"
|   fi ;\
| }
| 
| 
| ### EOF ######################################################################
configure:1418: checking for a BSD-compatible install
configure:1472: result: /bin/install.exe
configure:1483: checking whether build environment is sane
configure:1526: result: yes
configure:1552: WARNING: `missing' script is too old or missing
configure:1560: checking for gawk
configure:1586: result: gawk
configure:1596: checking whether make sets ${MAKE}
configure:1616: result: yes
configure:1770: checking for gcc
configure:1796: result: gcc
configure:2040: checking for C compiler version
configure:2043: gcc --version </dev/null >&5
gcc (GCC) 3.3.5 (Bird Build 2007-06-10 14:30)
Copyright (C) 2003 Free Software Foundation, Inc.
This is free software; see the source for copying conditions.  There is NO
warranty; not even for MERCHANTABILITY or FITNESS FOR A PARTICULAR PURPOSE.

configure:2046: $? = 0
configure:2048: gcc -v </dev/null >&5
Reading specs from U:/usr/lib/gcc-lib/i386-pc-os2-emx/3.3.5/specs
Configured with: D:/CODING/LIBC/SVN/BRANCHES/LIBC-0.6/src/gcc/configure --enable-clh --enable-threads=os2 --enable-shared=libgcc,bfd,opcodes --enable-nls --without-included-gettext --with-local-prefix=D:/CODING/LIBC/SVN/BRANCHES/LIBC-0.6/TOOLS/x86.os2/gcc/staged --prefix=/gcc --with-gnu-as --disable-libgcj --enable-languages=c,c++
Thread model: os2
gcc version 3.3.5 (Bird Build 2007-06-10 14:30)
configure:2051: $? = 0
configure:2053: gcc -V </dev/null >&5
gcc: `-V' must come at the start of the command line
configure:2056: $? = 1
configure:2082: checking for C compiler default output
configure:2085: gcc -D__EMX__ -Dunix  -D__ST_MT_ERRNO__ -O3 -march=pentium3  -Zexe -Zomf -Zmap -Zargs-wild -Zbin-files -D__ST_MT_ERRNO__ -s conftest.c  >&5
configure:2088: $? = 0
configure:2121: result: conftest.exe
configure:2126: checking whether the C compiler works
configure:2132: ./conftest.exe
configure:2135: $? = 0
configure:2150: result: yes
configure:2157: checking whether we are cross compiling
configure:2159: result: no
configure:2162: checking for suffix of executables
configure:2164: gcc -o conftest.exe -D__EMX__ -Dunix  -D__ST_MT_ERRNO__ -O3 -march=pentium3  -Zexe -Zomf -Zmap -Zargs-wild -Zbin-files -D__ST_MT_ERRNO__ -s conftest.c  >&5
configure:2167: $? = 0
configure:2189: result: .exe
configure:2195: checking for suffix of object files
configure:2219: gcc -c -D__EMX__ -Dunix  -D__ST_MT_ERRNO__ -O3 -march=pentium3  conftest.c >&5
configure:2222: $? = 0
configure:2241: result: o
configure:2245: checking whether we are using the GNU C compiler
configure:2272: gcc -c -D__EMX__ -Dunix  -D__ST_MT_ERRNO__ -O3 -march=pentium3  conftest.c >&5
configure:2275: $? = 0
configure:2278: test -s conftest.o
configure:2281: $? = 0
configure:2293: result: yes
configure:2299: checking whether gcc accepts -g
configure:2323: gcc -c -g  conftest.c >&5
configure:2326: $? = 0
configure:2329: test -s conftest.o
configure:2332: $? = 0
configure:2342: result: yes
configure:2369: gcc -c -D__EMX__ -Dunix  -D__ST_MT_ERRNO__ -O3 -march=pentium3  conftest.c >&5
conftest.c:2: error: parse error before "me"
configure:2372: $? = 1
configure: failed program was:
#ifndef __cplusplus
  choke me
#endif
configure:2490: checking for style of include used by make
configure:2518: result: GNU
configure:2525: checking dependency style of gcc
configure:2587: result: gcc3
configure:2604: checking for a BSD-compatible install
configure:2658: result: /bin/install.exe
configure:2669: checking whether make sets ${MAKE}
configure:2689: result: yes
configure:2771: checking build system type
configure:2789: result: i386-pc-os2-emx
configure:2797: checking host system type
configure:2811: result: i386-pc-os2-emx
configure:2841: checking for ld used by GCC
configure:2904: result: ld.exe
configure:2913: checking if the linker (ld.exe) is GNU ld
configure:2925: result: no
configure:2930: checking for ld.exe option to reload object files
configure:2937: result: -r
configure:2942: checking for BSD-compatible nm
configure:2978: result: U:/usr/bin/nm -B
configure:2981: checking whether ln -s works
configure:2985: result: yes
configure:2992: checking how to recognise dependant libraries
configure:3164: result: unknown
configure:3177: checking command to parse U:/usr/bin/nm -B output
configure:3258: gcc -c -D__EMX__ -Dunix  -D__ST_MT_ERRNO__ -O3 -march=pentium3  conftest.c >&5
configure:3261: $? = 0
configure:3265: U:/usr/bin/nm -B conftest.o \| sed -n -e 's/^.*[ 	]\([ABCDGISTW][ABCDGISTW]*\)[ 	][ 	]*\(\)\([_A-Za-z][_A-Za-z0-9]*\)$/\1 \2\3 \3/p' \> conftest.nm
configure:3268: $? = 0
cannot find nm_test_var in conftest.nm
configure:3258: gcc -c -D__EMX__ -Dunix  -D__ST_MT_ERRNO__ -O3 -march=pentium3  conftest.c >&5
configure:3261: $? = 0
configure:3265: U:/usr/bin/nm -B conftest.o \| sed -n -e 's/^.*[ 	]\([ABCDGISTW][ABCDGISTW]*\)[ 	][ 	]*\(_\)\([_A-Za-z][_A-Za-z0-9]*\)$/\1 \2\3 \3/p' \> conftest.nm
configure:3268: $? = 0
configure:3320: gcc -o conftest.exe -D__EMX__ -Dunix  -D__ST_MT_ERRNO__ -O3 -march=pentium3  -Zexe -Zomf -Zmap -Zargs-wild -Zbin-files -D__ST_MT_ERRNO__ -s conftest.c conftstm.o >&5
configure:3323: $? = 0
configure:3367: result: ok
configure:3376: checking how to run the C preprocessor
configure:3402: gcc -E  conftest.c
configure:3408: $? = 0
configure:3435: gcc -E  conftest.c
configure:3432:28: ac_nonexistent.h: No such file or directory
configure:3441: $? = 1
configure: failed program was:
#line 3431 "configure"
#include "confdefs.h"
#include <ac_nonexistent.h>
configure:3478: result: gcc -E
configure:3493: gcc -E  conftest.c
configure:3499: $? = 0
configure:3526: gcc -E  conftest.c
configure:3523:28: ac_nonexistent.h: No such file or directory
configure:3532: $? = 1
configure: failed program was:
#line 3522 "configure"
#include "confdefs.h"
#include <ac_nonexistent.h>
configure:3572: checking for ANSI C header files
configure:3586: gcc -E  conftest.c
configure:3592: $? = 0
configure:3679: gcc -o conftest.exe -D__EMX__ -Dunix  -D__ST_MT_ERRNO__ -O3 -march=pentium3  -Zexe -Zomf -Zmap -Zargs-wild -Zbin-files -D__ST_MT_ERRNO__ -s conftest.c  >&5
configure:3682: $? = 0
configure:3684: ./conftest.exe
configure:3687: $? = 0
configure:3701: result: yes
configure:3725: checking for sys/types.h
configure:3738: gcc -c -D__EMX__ -Dunix  -D__ST_MT_ERRNO__ -O3 -march=pentium3  conftest.c >&5
configure:3741: $? = 0
configure:3744: test -s conftest.o
configure:3747: $? = 0
configure:3757: result: yes
configure:3725: checking for sys/stat.h
configure:3738: gcc -c -D__EMX__ -Dunix  -D__ST_MT_ERRNO__ -O3 -march=pentium3  conftest.c >&5
configure:3741: $? = 0
configure:3744: test -s conftest.o
configure:3747: $? = 0
configure:3757: result: yes
configure:3725: checking for stdlib.h
configure:3738: gcc -c -D__EMX__ -Dunix  -D__ST_MT_ERRNO__ -O3 -march=pentium3  conftest.c >&5
configure:3741: $? = 0
configure:3744: test -s conftest.o
configure:3747: $? = 0
configure:3757: result: yes
configure:3725: checking for string.h
configure:3738: gcc -c -D__EMX__ -Dunix  -D__ST_MT_ERRNO__ -O3 -march=pentium3  conftest.c >&5
configure:3741: $? = 0
configure:3744: test -s conftest.o
configure:3747: $? = 0
configure:3757: result: yes
configure:3725: checking for memory.h
configure:3738: gcc -c -D__EMX__ -Dunix  -D__ST_MT_ERRNO__ -O3 -march=pentium3  conftest.c >&5
configure:3741: $? = 0
configure:3744: test -s conftest.o
configure:3747: $? = 0
configure:3757: result: yes
configure:3725: checking for strings.h
configure:3738: gcc -c -D__EMX__ -Dunix  -D__ST_MT_ERRNO__ -O3 -march=pentium3  conftest.c >&5
configure:3741: $? = 0
configure:3744: test -s conftest.o
configure:3747: $? = 0
configure:3757: result: yes
configure:3725: checking for inttypes.h
configure:3738: gcc -c -D__EMX__ -Dunix  -D__ST_MT_ERRNO__ -O3 -march=pentium3  conftest.c >&5
configure:3741: $? = 0
configure:3744: test -s conftest.o
configure:3747: $? = 0
configure:3757: result: yes
configure:3725: checking for stdint.h
configure:3738: gcc -c -D__EMX__ -Dunix  -D__ST_MT_ERRNO__ -O3 -march=pentium3  conftest.c >&5
configure:3741: $? = 0
configure:3744: test -s conftest.o
configure:3747: $? = 0
configure:3757: result: yes
configure:3725: checking for unistd.h
configure:3738: gcc -c -D__EMX__ -Dunix  -D__ST_MT_ERRNO__ -O3 -march=pentium3  conftest.c >&5
configure:3741: $? = 0
configure:3744: test -s conftest.o
configure:3747: $? = 0
configure:3757: result: yes
configure:3783: checking dlfcn.h usability
configure:3792: gcc -c -D__EMX__ -Dunix  -D__ST_MT_ERRNO__ -O3 -march=pentium3  conftest.c >&5
configure:3795: $? = 0
configure:3798: test -s conftest.o
configure:3801: $? = 0
configure:3810: result: yes
configure:3814: checking dlfcn.h presence
configure:3821: gcc -E  conftest.c
configure:3827: $? = 0
configure:3845: result: yes
configure:3863: checking for dlfcn.h
configure:3870: result: yes
configure:4067: checking for ranlib
configure:4094: result: echo
configure:4147: checking for strip
configure:4163: found U:/usr/bin/strip.exe
configure:4174: result: strip
configure:4385: checking for objdir
configure:4396: result: .libs
configure:4413: checking for gcc option to produce PIC
configure:4563: result: -DDLL_EXPORT
configure:4567: checking if gcc PIC flag -DDLL_EXPORT works
configure:4593: gcc -c -D__EMX__ -Dunix  -D__ST_MT_ERRNO__ -O3 -march=pentium3 -DDLL_EXPORT -DPIC  conftest.c >&5
configure:4596: $? = 0
configure:4599: test -s conftest.o
configure:4602: $? = 0
configure:4639: result: yes
configure:4655: checking if gcc static flag -static works
configure:4682: gcc -o conftest.exe -D__EMX__ -Dunix  -D__ST_MT_ERRNO__ -O3 -march=pentium3  -Zexe -Zomf -Zmap -Zargs-wild -Zbin-files -D__ST_MT_ERRNO__ -s -static conftest.c  >&5
weakld: error: Unresolved symbol (UNDEF) '___libc_back_signalOS2V1Handler16bit'.
weakld: info: The symbol is referenced by:
    U:\usr\lib\libc_s.lib(signals.obj)
Ignoring unresolved externals reported from weak prelinker.

U:\usr\lib\libc_s.lib(signals.obj) : error LNK2029: "___libc_back_signalOS2V1Handler16bit" : unresolved external


There was 1 error detected
configure:4685: $? = 1
configure: failed program was:
#line 4664 "configure"
#include "confdefs.h"

#ifdef F77_DUMMY_MAIN
#  ifdef __cplusplus
     extern "C"
#  endif
   int F77_DUMMY_MAIN() { return 1; }
#endif
int
main ()
{

  ;
  return 0;
}
configure:4706: result: no
configure:4718: checking if gcc supports -c -o file.o
configure:4738: gcc -c -D__EMX__ -Dunix  -D__ST_MT_ERRNO__ -O3 -march=pentium3 -o out/conftest2.o  conftest.c >&5
configure:4762: result: yes
configure:4767: checking if gcc supports -c -o file.lo
configure:4797: gcc -c -D__EMX__ -Dunix  -D__ST_MT_ERRNO__ -O3 -march=pentium3 -c -o conftest.lo  conftest.c >&5
configure:4800: $? = 0
configure:4803: test -s conftest.lo
configure:4806: $? = 0
configure:4827: result: yes
configure:4858: checking if gcc supports -fno-rtti -fno-exceptions
configure:4883: gcc -c -D__EMX__ -Dunix  -D__ST_MT_ERRNO__ -O3 -march=pentium3 -fno-rtti -fno-exceptions -c conftest.c  conftest.c >&5
cc1.exe: warning: "-fno-rtti" is valid for C++ but not for C/ObjC
cc1.exe: warning: "-fno-rtti" is valid for C++ but not for C/ObjC
configure:4886: $? = 0
configure:4889: test -s conftest.o
configure:4892: $? = 0
configure:4908: result: yes
configure:4919: checking whether the linker (ld.exe) supports shared libraries
configure:5600: result: yes
configure:5605: checking how to hardcode library paths into programs
configure:5629: result: immediate
configure:5634: checking whether stripping libraries is possible
configure:5639: result: yes
configure:5650: checking dynamic linker characteristics
configure:6047: result: OS/2 ld.exe
configure:6052: checking if libtool supports shared libraries
configure:6054: result: yes
configure:6057: checking whether to build shared libraries
configure:6078: result: yes
configure:6081: checking whether to build static libraries
configure:6085: result: yes
configure:7360: checking for ldexp in -lm
configure:7393: gcc -o conftest.exe -D__EMX__ -Dunix  -D__ST_MT_ERRNO__ -O3 -march=pentium3  -Zexe -Zomf -Zmap -Zargs-wild -Zbin-files -D__ST_MT_ERRNO__ -s conftest.c -lm   >&5
configure:7396: $? = 0
configure:7399: test -s conftest.exe
configure:7402: $? = 0
configure:7413: result: yes
configure:7425: checking for alOpenPort in -laudio
configure:7458: gcc -o conftest.exe -D__EMX__ -Dunix  -D__ST_MT_ERRNO__ -O3 -march=pentium3  -Zexe -Zomf -Zmap -Zargs-wild -Zbin-files -D__ST_MT_ERRNO__ -s conftest.c -laudio  -lm  >&5
weakld: cannot open library file 'u:\cups\lib\audio_s.a'.
emxomfld: weak prelinker failed. (rc=8)
configure:7461: $? = 1
configure: failed program was:
#line 7433 "configure"
#include "confdefs.h"

/* Override any gcc2 internal prototype to avoid an error.  */
#ifdef __cplusplus
extern "C"
#endif
/* We use char because int might match the return type of a gcc2
   builtin and then its argument prototype would still apply.  */
char alOpenPort ();
#ifdef F77_DUMMY_MAIN
#  ifdef __cplusplus
     extern "C"
#  endif
   int F77_DUMMY_MAIN() { return 1; }
#endif
int
main ()
{
alOpenPort ();
  ;
  return 0;
}
configure:7478: result: no
configure:7486: checking for ANSI C header files
configure:7615: result: yes
configure:7641: checking fcntl.h usability
configure:7650: gcc -c -D__EMX__ -Dunix  -D__ST_MT_ERRNO__ -O3 -march=pentium3  conftest.c >&5
configure:7653: $? = 0
configure:7656: test -s conftest.o
configure:7659: $? = 0
configure:7668: result: yes
configure:7672: checking fcntl.h presence
configure:7679: gcc -E  conftest.c
configure:7685: $? = 0
configure:7703: result: yes
configure:7721: checking for fcntl.h
configure:7728: result: yes
configure:7632: checking for unistd.h
configure:7637: result: yes
configure:7632: checking for inttypes.h
configure:7637: result: yes
configure:7742: checking for gcc option to accept ANSI C
configure:7805: gcc  -c -D__EMX__ -Dunix  -D__ST_MT_ERRNO__ -O3 -march=pentium3  conftest.c >&5
configure:7808: $? = 0
configure:7811: test -s conftest.o
configure:7814: $? = 0
configure:7831: result: none needed
configure:7839: checking for an ANSI C-conforming const
configure:7909: gcc -c -D__EMX__ -Dunix  -D__ST_MT_ERRNO__ -O3 -march=pentium3  conftest.c >&5
configure:7912: $? = 0
configure:7915: test -s conftest.o
configure:7918: $? = 0
configure:7928: result: yes
configure:7938: checking whether byte ordering is bigendian
configure:7968: gcc -c -D__EMX__ -Dunix  -D__ST_MT_ERRNO__ -O3 -march=pentium3  conftest.c >&5
configure:7971: $? = 0
configure:7974: test -s conftest.o
configure:7977: $? = 0
configure:8004: gcc -c -D__EMX__ -Dunix  -D__ST_MT_ERRNO__ -O3 -march=pentium3  conftest.c >&5
configure: In function `main':
configure:7995: error: `not' undeclared (first use in this function)
configure:7995: error: (Each undeclared identifier is reported only once
configure:7995: error: for each function it appears in.)
configure:7995: error: parse error before "big"
configure:8007: $? = 1
configure: failed program was:
#line 7981 "configure"
#include "confdefs.h"
#include <sys/types.h>
#include <sys/param.h>

#ifdef F77_DUMMY_MAIN
#  ifdef __cplusplus
     extern "C"
#  endif
   int F77_DUMMY_MAIN() { return 1; }
#endif
int
main ()
{
#if BYTE_ORDER != BIG_ENDIAN
 not big endian
#endif

  ;
  return 0;
}
configure:8121: result: no
configure:8457: checking for off_t
configure:8484: gcc -c -D__EMX__ -Dunix  -D__ST_MT_ERRNO__ -O3 -march=pentium3  conftest.c >&5
configure:8487: $? = 0
configure:8490: test -s conftest.o
configure:8493: $? = 0
configure:8503: result: yes
configure:8515: checking for size_t
configure:8542: gcc -c -D__EMX__ -Dunix  -D__ST_MT_ERRNO__ -O3 -march=pentium3  conftest.c >&5
configure:8545: $? = 0
configure:8548: test -s conftest.o
configure:8551: $? = 0
configure:8561: result: yes
configure:8574: checking for off_t
configure:8620: result: yes
configure:8623: checking size of off_t
configure:8901: gcc -o conftest.exe -D__EMX__ -Dunix  -D__ST_MT_ERRNO__ -O3 -march=pentium3  -Zexe -Zomf -Zmap -Zargs-wild -Zbin-files -D__ST_MT_ERRNO__ -s conftest.c -lm  >&5
configure:8904: $? = 0
configure:8906: ./conftest.exe
configure:8909: $? = 0
configure:8929: result: 8
configure:8936: checking for size_t
configure:8982: result: yes
configure:8985: checking size of size_t
configure:9263: gcc -o conftest.exe -D__EMX__ -Dunix  -D__ST_MT_ERRNO__ -O3 -march=pentium3  -Zexe -Zomf -Zmap -Zargs-wild -Zbin-files -D__ST_MT_ERRNO__ -s conftest.c -lm  >&5
configure:9266: $? = 0
configure:9268: ./conftest.exe
configure:9271: $? = 0
configure:9291: result: 4
configure:9298: checking for long
configure:9325: gcc -c -D__EMX__ -Dunix  -D__ST_MT_ERRNO__ -O3 -march=pentium3  conftest.c >&5
configure:9328: $? = 0
configure:9331: test -s conftest.o
configure:9334: $? = 0
configure:9344: result: yes
configure:9347: checking size of long
configure:9625: gcc -o conftest.exe -D__EMX__ -Dunix  -D__ST_MT_ERRNO__ -O3 -march=pentium3  -Zexe -Zomf -Zmap -Zargs-wild -Zbin-files -D__ST_MT_ERRNO__ -s conftest.c -lm  >&5
configure:9628: $? = 0
configure:9630: ./conftest.exe
configure:9633: $? = 0
configure:9653: result: 4
configure:9661: checking for u_int8_t
configure:9688: gcc -c -D__EMX__ -Dunix  -D__ST_MT_ERRNO__ -O3 -march=pentium3  conftest.c >&5
configure:9691: $? = 0
configure:9694: test -s conftest.o
configure:9697: $? = 0
configure:9707: result: yes
configure:9719: checking for u_int16_t
configure:9746: gcc -c -D__EMX__ -Dunix  -D__ST_MT_ERRNO__ -O3 -march=pentium3  conftest.c >&5
configure:9749: $? = 0
configure:9752: test -s conftest.o
configure:9755: $? = 0
configure:9765: result: yes
configure:9777: checking for u_int32_t
configure:9804: gcc -c -D__EMX__ -Dunix  -D__ST_MT_ERRNO__ -O3 -march=pentium3  conftest.c >&5
configure:9807: $? = 0
configure:9810: test -s conftest.o
configure:9813: $? = 0
configure:9823: result: yes
configure:9835: checking for int8_t
configure:9862: gcc -c -D__EMX__ -Dunix  -D__ST_MT_ERRNO__ -O3 -march=pentium3  conftest.c >&5
configure:9865: $? = 0
configure:9868: test -s conftest.o
configure:9871: $? = 0
configure:9881: result: yes
configure:9893: checking for int16_t
configure:9920: gcc -c -D__EMX__ -Dunix  -D__ST_MT_ERRNO__ -O3 -march=pentium3  conftest.c >&5
configure:9923: $? = 0
configure:9926: test -s conftest.o
configure:9929: $? = 0
configure:9939: result: yes
configure:9951: checking for int32_t
configure:9978: gcc -c -D__EMX__ -Dunix  -D__ST_MT_ERRNO__ -O3 -march=pentium3  conftest.c >&5
configure:9981: $? = 0
configure:9984: test -s conftest.o
configure:9987: $? = 0
configure:9997: result: yes
configure:10011: checking whether gcc needs -traditional
configure:10047: result: no
configure:10054: checking for working memcmp
configure:10105: gcc -o conftest.exe -D__EMX__ -Dunix  -D__ST_MT_ERRNO__ -O3 -march=pentium3  -Zexe -Zomf -Zmap -Zargs-wild -Zbin-files -D__ST_MT_ERRNO__ -s conftest.c -lm  >&5
configure:10108: $? = 0
configure:10110: ./conftest.exe
configure:10113: $? = 0
configure:10126: result: yes
configure:10134: checking for strdup
configure:10177: gcc -o conftest.exe -D__EMX__ -Dunix  -D__ST_MT_ERRNO__ -O3 -march=pentium3  -Zexe -Zomf -Zmap -Zargs-wild -Zbin-files -D__ST_MT_ERRNO__ -s conftest.c -lm  >&5
configure:10180: $? = 0
configure:10183: test -s conftest.exe
configure:10186: $? = 0
configure:10196: result: yes
configure:10208: checking for platform specific tests to compile
configure:10226: result: none
configure:10312: creating ./config.status

## ---------------------- ##
## Running config.status. ##
## ---------------------- ##

This file was extended by config.status, which was
generated by GNU Autoconf 2.53.  Invocation command line was

  CONFIG_FILES    = 
  CONFIG_HEADERS  = 
  CONFIG_LINKS    = 
  CONFIG_COMMANDS = 
  $ ./config.status 

on NEOIII

config.status:10992: creating audiofile.spec
config.status:10992: creating audiofile.pc
config.status:10992: creating sfcommands/Makefile
config.status:10992: creating test/Makefile
config.status:10992: creating examples/Makefile
config.status:10992: creating libaudiofile/Makefile
config.status:10992: creating libaudiofile/modules/Makefile
config.status:10992: creating docs/Makefile
config.status:10992: creating win32/Makefile
config.status:10992: creating Makefile
config.status:10992: creating audiofile-config
config.status:11095: creating config.h
config.status:11339: executing default-1 commands
config.status:11339: executing default commands

## ---------------- ##
## Cache variables. ##
## ---------------- ##

ac_cv_build_alias=i386-pc-os2-emx
ac_cv_build=i386-pc-os2-emx
ac_cv_c_bigendian=no
ac_cv_c_compiler_gnu=yes
ac_cv_c_const=yes
ac_cv_emxos2=yes
ac_cv_env_build_alias_set=
ac_cv_env_build_alias_value=
ac_cv_env_CC_set=set
ac_cv_env_CC_value=gcc
ac_cv_env_CFLAGS_set=
ac_cv_env_CFLAGS_value=
ac_cv_env_CPP_set=
ac_cv_env_CPP_value=
ac_cv_env_CPPFLAGS_set=
ac_cv_env_CPPFLAGS_value=
ac_cv_env_host_alias_set=
ac_cv_env_host_alias_value=
ac_cv_env_LDFLAGS_set=
ac_cv_env_LDFLAGS_value=
ac_cv_env_target_alias_set=
ac_cv_env_target_alias_value=
ac_cv_exeext=.exe
ac_cv_func_memcmp_working=yes
ac_cv_func_strdup=yes
ac_cv_header_dlfcn_h=yes
ac_cv_header_fcntl_h=yes
ac_cv_header_inttypes_h=yes
ac_cv_header_memory_h=yes
ac_cv_header_stdc=yes
ac_cv_header_stdint_h=yes
ac_cv_header_stdlib_h=yes
ac_cv_header_string_h=yes
ac_cv_header_strings_h=yes
ac_cv_header_sys_stat_h=yes
ac_cv_header_sys_types_h=yes
ac_cv_header_unistd_h=yes
ac_cv_host_alias=i386-pc-os2-emx
ac_cv_host=i386-pc-os2-emx
ac_cv_lib_audio_alOpenPort=no
ac_cv_lib_m_ldexp=yes
ac_cv_libext=lib
ac_cv_member_struct_sockaddr_in_sin_len=yes
ac_cv_objext=o
ac_cv_path___CHGRP=echo
ac_cv_path___CHOWN=echo
ac_cv_path___RSH=echo
ac_cv_path__PATH_AWK=/moztools/awk.exe
ac_cv_path__PATH_EGREP=e:/emx/bin/egrep.exe
ac_cv_path__PATH_PERL=u:/Perl/bin/perl.exe
ac_cv_path__PATH_SED=/moztools/sed.exe
ac_cv_path__PATH_SH=/moztools/ash.exe
ac_cv_path__PATH_SORT=/moztools/sort.exe
ac_cv_path_AR=/usr/bin/ar.exe
ac_cv_path_FALSE=/bin/false.exe
ac_cv_path_GZIP=e:/ecs/bin/gzip.exe
ac_cv_path_install=u:/bin/INSTALL.exe
ac_cv_path_JAR=e:/programs/java142/bin/jar.exe
ac_cv_path_JAVAC=e:/programs/java142/bin/javac.exe
ac_cv_path_MAKE=/moztools/make.exe
ac_cv_path_MKDIR=/bin/mkdir.exe
ac_cv_path_MSGFMT=/usr/bin/msgfmt.exe
ac_cv_path_MV=/bin/mv.exe
ac_cv_path_PERL=u:/Perl/bin/perl.exe
ac_cv_path_PROG_SENDMAIL=e:/tcpip/bin/sendmail.exe
ac_cv_path_RM=/bin/rm.exe
ac_cv_path_STRIP='echo '
ac_cv_path_TRUE=/bin/true.exe
ac_cv_path_uic=/dev/qt/trunk/bin/uic.exe
ac_cv_path_XARGS=/moztools/xargs.exe
ac_cv_path_ZIP=e:/ecs/bin/zip.exe
ac_cv_prog_ac_ct_CC=gcc
ac_cv_prog_ac_ct_RANLIB=echo
ac_cv_prog_ac_ct_STRIP=strip
ac_cv_prog_AWK=gawk
ac_cv_prog_cc_g=yes
ac_cv_prog_cc_stdc=
ac_cv_prog_CPP='gcc -E'
ac_cv_prog_gcc_traditional=no
ac_cv_prog_make_make_set=yes
ac_cv_sizeof_long=4
ac_cv_sizeof_off_t=8
ac_cv_sizeof_size_t=4
ac_cv_type_int16_t=yes
ac_cv_type_int32_t=yes
ac_cv_type_int8_t=yes
ac_cv_type_long=yes
ac_cv_type_off_t=yes
ac_cv_type_size_t=yes
ac_cv_type_u_int16_t=yes
ac_cv_type_u_int32_t=yes
ac_cv_type_u_int8_t=yes
am_cv_CC_dependencies_compiler_type=gcc3
lt_cv_compiler_c_o=yes
lt_cv_compiler_o_lo=yes
lt_cv_deplibs_check_method=unknown
lt_cv_file_magic_cmd='$MAGIC_CMD'
lt_cv_file_magic_test_file=
lt_cv_global_symbol_to_c_name_address='sed -n -e '\''s/^: \([^ ]*\) $/  {\"\1\", (lt_ptr) 0},/p'\'' -e '\''s/^[BCDEGRST] \([^ ]*\) \([^ ]*\)$/  {"\2", (lt_ptr) \&\2},/p'\'
lt_cv_global_symbol_to_cdecl='sed -n -e '\''s/^. .* \(.*\)$/extern char \1;/p'\'
lt_cv_ld_reload_flag=-r
lt_cv_path_LD=ld.exe
lt_cv_path_NM='U:/usr/bin/nm -B'
lt_cv_prog_cc_can_build_shared=yes
lt_cv_prog_cc_no_builtin=
lt_cv_prog_cc_pic_works=yes
lt_cv_prog_cc_pic=' -DDLL_EXPORT'
lt_cv_prog_cc_shlib=
lt_cv_prog_cc_static_works=no
lt_cv_prog_cc_static=
lt_cv_prog_cc_wl=-Wl,
lt_cv_prog_gnu_ld=no
lt_cv_sys_global_symbol_pipe='sed -n -e '\''s/^.*[ 	]\([ABCDGISTW][ABCDGISTW]*\)[ 	][ 	]*\(_\)\([_A-Za-z][_A-Za-z0-9]*\)$/\1 \2\3 \3/p'\'
lt_cv_sys_path_separator=:

## ----------- ##
## confdefs.h. ##
## ----------- ##

#define PACKAGE_NAME ""
#define PACKAGE_TARNAME ""
#define PACKAGE_VERSION ""
#define PACKAGE_STRING ""
#define PACKAGE_BUGREPORT ""
#define PACKAGE "audiofile"
#define VERSION "0.2.6"
#define STDC_HEADERS 1
#define HAVE_SYS_TYPES_H 1
#define HAVE_SYS_STAT_H 1
#define HAVE_STDLIB_H 1
#define HAVE_STRING_H 1
#define HAVE_MEMORY_H 1
#define HAVE_STRINGS_H 1
#define HAVE_INTTYPES_H 1
#define HAVE_STDINT_H 1
#define HAVE_UNISTD_H 1
#define HAVE_DLFCN_H 1
#define HAVE_LIBM 1
#define STDC_HEADERS 1
#define HAVE_FCNTL_H 1
#define HAVE_UNISTD_H 1
#define HAVE_INTTYPES_H 1
#define SIZEOF_OFF_T 8
#define SIZEOF_SIZE_T 4
#define SIZEOF_LONG 4
#define HAVE_STRDUP 1

configure: exit 0

## ---------------------- ##
## Running config.status. ##
## ---------------------- ##

This file was extended by config.status, which was
generated by GNU Autoconf 2.53.  Invocation command line was

  CONFIG_FILES    = 
  CONFIG_HEADERS  = config.h
  CONFIG_LINKS    = 
  CONFIG_COMMANDS = 
  $ ./config.status 

on NEOIII

config.status:11095: creating config.h
config.status:11236: config.h is unchanged
config.status:11339: executing default-1 commands
config.status:11339: executing default commands
